<?xml version="1.0" encoding="UTF-8"?>
<testsuite name="TestStringAndMapBuilders" tests="1" skipped="0" failures="0" errors="0" timestamp="2019-10-31T18:31:26" hostname="DESKTOP-QI2HF1S" time="0.008">
  <properties/>
  <testcase name="testBuildMap" classname="TestStringAndMapBuilders" time="0.008"/>
  <system-out><![CDATA[]]></system-out>
  <system-err><![CDATA[]]></system-err>
</testsuite>
