<?xml version="1.0" encoding="UTF-8"?>
<testsuite name="TestDataClasses" tests="1" skipped="0" failures="0" errors="0" timestamp="2019-10-22T11:40:52" hostname="DESKTOP-QI2HF1S" time="0.028">
  <properties/>
  <testcase name="testListOfPeople" classname="TestDataClasses" time="0.028"/>
  <system-out><![CDATA[]]></system-out>
  <system-err><![CDATA[]]></system-err>
</testsuite>
