<?xml version="1.0" encoding="UTF-8"?>
<testsuite name="TestFlatMap" tests="2" skipped="0" failures="0" errors="0" timestamp="2019-10-24T17:49:57" hostname="DESKTOP-QI2HF1S" time="0.178">
  <properties/>
  <testcase name="testGetOrderedProductsSet" classname="TestFlatMap" time="0.175"/>
  <testcase name="testGetAllOrderedProducts" classname="TestFlatMap" time="0.002"/>
  <system-out><![CDATA[]]></system-out>
  <system-err><![CDATA[]]></system-err>
</testsuite>
