<?xml version="1.0" encoding="UTF-8"?>
<testsuite name="TestFunctions" tests="1" skipped="0" failures="0" errors="0" timestamp="2019-10-21T18:41:28" hostname="DESKTOP-QI2HF1S" time="0.03">
  <properties/>
  <testcase name="collection" classname="TestFunctions" time="0.03"/>
  <system-out><![CDATA[]]></system-out>
  <system-err><![CDATA[]]></system-err>
</testsuite>
