<?xml version="1.0" encoding="UTF-8"?>
<testsuite name="TestOperatorsOverloading" tests="3" skipped="0" failures="0" errors="0" timestamp="2019-10-22T18:32:27" hostname="DESKTOP-QI2HF1S" time="0.038">
  <properties/>
  <testcase name="testOneMonth" classname="TestOperatorsOverloading" time="0.036"/>
  <testcase name="testAddOneTimeInterval" classname="TestOperatorsOverloading" time="0.0"/>
  <testcase name="testMonthChange" classname="TestOperatorsOverloading" time="0.0"/>
  <system-out><![CDATA[]]></system-out>
  <system-err><![CDATA[]]></system-err>
</testsuite>
