<?xml version="1.0" encoding="UTF-8"?>
<testsuite name="TetLazyProperty" tests="2" skipped="0" failures="0" errors="0" timestamp="2019-10-29T12:11:50" hostname="DESKTOP-QI2HF1S" time="0.05">
  <properties/>
  <testcase name="testLazy" classname="TetLazyProperty" time="0.033"/>
  <testcase name="initializedOnce" classname="TetLazyProperty" time="0.017"/>
  <system-out><![CDATA[]]></system-out>
  <system-err><![CDATA[]]></system-err>
</testsuite>
