<?xml version="1.0" encoding="UTF-8"?>
<testsuite name="TestIntroduction" tests="1" skipped="0" failures="0" errors="0" timestamp="2019-10-22T19:06:40" hostname="DESKTOP-QI2HF1S" time="0.043">
  <properties/>
  <testcase name="testSetOfCustomers" classname="TestIntroduction" time="0.043"/>
  <system-out><![CDATA[]]></system-out>
  <system-err><![CDATA[]]></system-err>
</testsuite>
