<?xml version="1.0" encoding="UTF-8"?>
<testsuite name="TestMaxMin" tests="2" skipped="0" failures="0" errors="0" timestamp="2019-10-24T19:01:53" hostname="DESKTOP-QI2HF1S" time="0.099">
  <properties/>
  <testcase name="testTheMostExpensiveOrderedProduct" classname="TestMaxMin" time="0.098"/>
  <testcase name="testCustomerWithMaximumNumberOfOrders" classname="TestMaxMin" time="0.001"/>
  <system-out><![CDATA[]]></system-out>
  <system-err><![CDATA[]]></system-err>
</testsuite>
