<?xml version="1.0" encoding="UTF-8"?>
<testsuite name="TestExtensionsOnCollections" tests="1" skipped="0" failures="0" errors="0" timestamp="2019-10-22T14:45:54" hostname="DESKTOP-QI2HF1S" time="0.067">
  <properties/>
  <testcase name="testSort" classname="TestExtensionsOnCollections" time="0.067"/>
  <system-out><![CDATA[]]></system-out>
  <system-err><![CDATA[]]></system-err>
</testsuite>
