<?xml version="1.0" encoding="UTF-8"?>
<testsuite name="TestTheFunctionWith" tests="2" skipped="0" failures="0" errors="0" timestamp="2019-10-31T19:00:37" hostname="DESKTOP-QI2HF1S" time="0.013">
  <properties/>
  <testcase name="testCreateString" classname="TestTheFunctionWith" time="0.011"/>
  <testcase name="testCreateMap" classname="TestTheFunctionWith" time="0.001"/>
  <system-out><![CDATA[]]></system-out>
  <system-err><![CDATA[]]></system-err>
</testsuite>
