<?xml version="1.0" encoding="UTF-8"?>
<testsuite name="TestMultiAssignment" tests="1" skipped="0" failures="0" errors="0" timestamp="2019-10-22T18:44:14" hostname="DESKTOP-QI2HF1S" time="0.005">
  <properties/>
  <testcase name="testIsLeapDay" classname="TestMultiAssignment" time="0.005"/>
  <system-out><![CDATA[]]></system-out>
  <system-err><![CDATA[]]></system-err>
</testsuite>
