<?xml version="1.0" encoding="UTF-8"?>
<testsuite name="TestNamedArguments" tests="1" skipped="0" failures="0" errors="0" timestamp="2019-10-21T18:57:35" hostname="DESKTOP-QI2HF1S" time="0.04">
  <properties/>
  <testcase name="testJoinToString" classname="TestNamedArguments" time="0.04"/>
  <system-out><![CDATA[]]></system-out>
  <system-err><![CDATA[]]></system-err>
</testsuite>
