<?xml version="1.0" encoding="UTF-8"?>
<testsuite name="TestFilterMap" tests="2" skipped="0" failures="0" errors="0" timestamp="2019-10-22T19:30:46" hostname="DESKTOP-QI2HF1S" time="0.043">
  <properties/>
  <testcase name="testCitiesCustomersAreFrom" classname="TestFilterMap" time="0.042"/>
  <testcase name="testCustomersFromCity" classname="TestFilterMap" time="0.001"/>
  <system-out><![CDATA[]]></system-out>
  <system-err><![CDATA[]]></system-err>
</testsuite>
