<?xml version="1.0" encoding="UTF-8"?>
<testsuite name="TestProperties" tests="1" skipped="0" failures="0" errors="0" timestamp="2019-10-25T19:35:09" hostname="DESKTOP-QI2HF1S" time="0.003">
  <properties/>
  <testcase name="testPropertyWithCounter" classname="TestProperties" time="0.003"/>
  <system-out><![CDATA[]]></system-out>
  <system-err><![CDATA[]]></system-err>
</testsuite>
