<?xml version="1.0" encoding="UTF-8"?>
<testsuite name="TestInvoke" tests="2" skipped="0" failures="0" errors="0" timestamp="2019-10-22T18:50:51" hostname="DESKTOP-QI2HF1S" time="0.023">
  <properties/>
  <testcase name="testInvokeTwice" classname="TestInvoke" time="0.02"/>
  <testcase name="testNumberOfInvocations" classname="TestInvoke" time="0.003"/>
  <system-out><![CDATA[]]></system-out>
  <system-err><![CDATA[]]></system-err>
</testsuite>
