<?xml version="1.0" encoding="UTF-8"?>
<testsuite name="TestObjectExpressions" tests="1" skipped="0" failures="0" errors="0" timestamp="2019-10-22T14:26:12" hostname="DESKTOP-QI2HF1S" time="0.032">
  <properties/>
  <testcase name="testSort" classname="TestObjectExpressions" time="0.032"/>
  <system-out><![CDATA[]]></system-out>
  <system-err><![CDATA[]]></system-err>
</testsuite>
