<?xml version="1.0" encoding="UTF-8"?>
<testsuite name="TestHtmlBuilders" tests="2" skipped="0" failures="0" errors="0" timestamp="2019-10-31T19:46:20" hostname="DESKTOP-QI2HF1S" time="0.066">
  <properties/>
  <testcase name="productTableIsColored" classname="TestHtmlBuilders" time="0.062"/>
  <testcase name="productTableIsFilled" classname="TestHtmlBuilders" time="0.003"/>
  <system-out><![CDATA[]]></system-out>
  <system-err><![CDATA[]]></system-err>
</testsuite>
