<?xml version="1.0" encoding="UTF-8"?>
<testsuite name="TestDelegatesHowItWorks" tests="1" skipped="0" failures="0" errors="0" timestamp="2019-10-29T17:44:38" hostname="DESKTOP-QI2HF1S" time="0.047">
  <properties/>
  <testcase name="testDate" classname="TestDelegatesHowItWorks" time="0.047"/>
  <system-out><![CDATA[]]></system-out>
  <system-err><![CDATA[]]></system-err>
</testsuite>
