<?xml version="1.0" encoding="UTF-8"?>
<testsuite name="TestExtensionFunctions" tests="2" skipped="0" failures="0" errors="0" timestamp="2019-10-22T13:36:30" hostname="DESKTOP-QI2HF1S" time="0.007">
  <properties/>
  <testcase name="testPairExtension" classname="TestExtensionFunctions" time="0.006"/>
  <testcase name="testIntExtension" classname="TestExtensionFunctions" time="0.0"/>
  <system-out><![CDATA[]]></system-out>
  <system-err><![CDATA[]]></system-err>
</testsuite>
