<?xml version="1.0" encoding="UTF-8"?>
<testsuite name="TestRangeTo" tests="1" skipped="0" failures="0" errors="0" timestamp="2019-10-22T17:04:03" hostname="DESKTOP-QI2HF1S" time="0.007">
  <properties/>
  <testcase name="testInRange" classname="TestRangeTo" time="0.007"/>
  <system-out><![CDATA[]]></system-out>
  <system-err><![CDATA[]]></system-err>
</testsuite>
