<?xml version="1.0" encoding="UTF-8"?>
<testsuite name="TestGroupBy" tests="1" skipped="0" failures="0" errors="0" timestamp="2019-10-24T19:51:09" hostname="DESKTOP-QI2HF1S" time="0.074">
  <properties/>
  <testcase name="testGroupCustomersByCity" classname="TestGroupBy" time="0.074"/>
  <system-out><![CDATA[]]></system-out>
  <system-err><![CDATA[]]></system-err>
</testsuite>
